[0.009s] Invoking command in '/home/tk/Desktop/biped-urdf/build/biped_v1': CMAKE_PREFIX_PATH=/opt/ros/humble CONDA_PROMPT_MODIFIER=(base) /usr/bin/cmake /home/tk/Desktop/biped-urdf/src/biped_v1 -DCMAKE_INSTALL_PREFIX=/home/tk/Desktop/biped-urdf/install/biped_v1
[0.047s] -- The C compiler identification is GNU 11.3.0
[0.081s] -- The CXX compiler identification is GNU 11.3.0
[0.085s] -- Detecting C compiler ABI info
[0.125s] -- Detecting C compiler ABI info - done
[0.130s] -- Check for working C compiler: /usr/bin/cc - skipped
[0.130s] -- Detecting C compile features
[0.131s] -- Detecting C compile features - done
[0.133s] -- Detecting CXX compiler ABI info
[0.178s] -- Detecting CXX compiler ABI info - done
[0.184s] -- Check for working CXX compiler: /usr/bin/c++ - skipped
[0.184s] -- Detecting CXX compile features
[0.185s] -- Detecting CXX compile features - done
[0.186s] -- Found ament_cmake: 1.3.3 (/opt/ros/humble/share/ament_cmake/cmake)
[0.315s] -- Found Python3: /usr/bin/python3.10 (found version "3.10.6") found components: Interpreter 
[0.367s] -- Found ament_lint_auto: 0.12.4 (/opt/ros/humble/share/ament_lint_auto/cmake)
[0.417s] -- Added test 'flake8' to check Python code syntax and style conventions
[0.417s] -- Added test 'lint_cmake' to check CMake code style
[0.418s] -- Added test 'pep257' to check Python code against some of the docstring style conventions in PEP 257
[0.419s] -- Added test 'xmllint' to check XML markup files
[0.419s] -- Configuring done
[0.421s] -- Generating done
[0.422s] -- Build files have been written to: /home/tk/Desktop/biped-urdf/build/biped_v1
[0.425s] Invoked command in '/home/tk/Desktop/biped-urdf/build/biped_v1' returned '0': CMAKE_PREFIX_PATH=/opt/ros/humble CONDA_PROMPT_MODIFIER=(base) /usr/bin/cmake /home/tk/Desktop/biped-urdf/src/biped_v1 -DCMAKE_INSTALL_PREFIX=/home/tk/Desktop/biped-urdf/install/biped_v1
[0.426s] Invoking command in '/home/tk/Desktop/biped-urdf/build/biped_v1': CMAKE_PREFIX_PATH=/opt/ros/humble CONDA_PROMPT_MODIFIER=(base) /usr/bin/cmake --build /home/tk/Desktop/biped-urdf/build/biped_v1 -- -j16 -l16
[0.444s] Invoked command in '/home/tk/Desktop/biped-urdf/build/biped_v1' returned '0': CMAKE_PREFIX_PATH=/opt/ros/humble CONDA_PROMPT_MODIFIER=(base) /usr/bin/cmake --build /home/tk/Desktop/biped-urdf/build/biped_v1 -- -j16 -l16
[0.459s] Invoking command in '/home/tk/Desktop/biped-urdf/build/biped_v1': CMAKE_PREFIX_PATH=/opt/ros/humble CONDA_PROMPT_MODIFIER=(base) /usr/bin/cmake --install /home/tk/Desktop/biped-urdf/build/biped_v1
[0.462s] -- Install configuration: ""
[0.462s] -- Installing: /home/tk/Desktop/biped-urdf/install/biped_v1/share/biped_v1/config
[0.462s] -- Installing: /home/tk/Desktop/biped-urdf/install/biped_v1/share/biped_v1/launch
[0.462s] -- Installing: /home/tk/Desktop/biped-urdf/install/biped_v1/share/biped_v1/launch/biped_v1.launch.py
[0.463s] -- Installing: /home/tk/Desktop/biped-urdf/install/biped_v1/share/biped_v1/maps
[0.463s] -- Installing: /home/tk/Desktop/biped-urdf/install/biped_v1/share/biped_v1/meshes
[0.463s] -- Installing: /home/tk/Desktop/biped-urdf/install/biped_v1/share/biped_v1/meshes/m6c12_collision.stl
[0.463s] -- Installing: /home/tk/Desktop/biped-urdf/install/biped_v1/share/biped_v1/meshes/5010_visual.stl
[0.464s] -- Installing: /home/tk/Desktop/biped-urdf/install/biped_v1/share/biped_v1/meshes/base_collision.stl
[0.464s] -- Installing: /home/tk/Desktop/biped-urdf/install/biped_v1/share/biped_v1/meshes/m6c12_visual.stl
[0.465s] -- Installing: /home/tk/Desktop/biped-urdf/install/biped_v1/share/biped_v1/meshes/5010_collision.stl
[0.466s] -- Installing: /home/tk/Desktop/biped-urdf/install/biped_v1/share/biped_v1/meshes/shoe_collision.stl
[0.466s] -- Installing: /home/tk/Desktop/biped-urdf/install/biped_v1/share/biped_v1/models
[0.466s] -- Installing: /home/tk/Desktop/biped-urdf/install/biped_v1/share/biped_v1/params
[0.466s] -- Installing: /home/tk/Desktop/biped-urdf/install/biped_v1/share/biped_v1/rviz
[0.466s] -- Installing: /home/tk/Desktop/biped-urdf/install/biped_v1/share/biped_v1/rviz/rviz_basic_settings.rviz
[0.466s] -- Installing: /home/tk/Desktop/biped-urdf/install/biped_v1/share/biped_v1/src
[0.466s] -- Installing: /home/tk/Desktop/biped-urdf/install/biped_v1/share/biped_v1/urdf
[0.466s] -- Installing: /home/tk/Desktop/biped-urdf/install/biped_v1/share/biped_v1/urdf/biped_v1.urdf.xacro
[0.466s] -- Installing: /home/tk/Desktop/biped-urdf/install/biped_v1/share/biped_v1/worlds
[0.466s] -- Installing: /home/tk/Desktop/biped-urdf/install/biped_v1/share/ament_index/resource_index/package_run_dependencies/biped_v1
[0.466s] -- Installing: /home/tk/Desktop/biped-urdf/install/biped_v1/share/ament_index/resource_index/parent_prefix_path/biped_v1
[0.466s] -- Installing: /home/tk/Desktop/biped-urdf/install/biped_v1/share/biped_v1/environment/ament_prefix_path.sh
[0.466s] -- Installing: /home/tk/Desktop/biped-urdf/install/biped_v1/share/biped_v1/environment/ament_prefix_path.dsv
[0.466s] -- Installing: /home/tk/Desktop/biped-urdf/install/biped_v1/share/biped_v1/environment/path.sh
[0.466s] -- Installing: /home/tk/Desktop/biped-urdf/install/biped_v1/share/biped_v1/environment/path.dsv
[0.466s] -- Installing: /home/tk/Desktop/biped-urdf/install/biped_v1/share/biped_v1/local_setup.bash
[0.467s] -- Installing: /home/tk/Desktop/biped-urdf/install/biped_v1/share/biped_v1/local_setup.sh
[0.467s] -- Installing: /home/tk/Desktop/biped-urdf/install/biped_v1/share/biped_v1/local_setup.zsh
[0.467s] -- Installing: /home/tk/Desktop/biped-urdf/install/biped_v1/share/biped_v1/local_setup.dsv
[0.467s] -- Installing: /home/tk/Desktop/biped-urdf/install/biped_v1/share/biped_v1/package.dsv
[0.467s] -- Installing: /home/tk/Desktop/biped-urdf/install/biped_v1/share/ament_index/resource_index/packages/biped_v1
[0.467s] -- Installing: /home/tk/Desktop/biped-urdf/install/biped_v1/share/biped_v1/cmake/biped_v1Config.cmake
[0.467s] -- Installing: /home/tk/Desktop/biped-urdf/install/biped_v1/share/biped_v1/cmake/biped_v1Config-version.cmake
[0.467s] -- Installing: /home/tk/Desktop/biped-urdf/install/biped_v1/share/biped_v1/package.xml
[0.469s] Invoked command in '/home/tk/Desktop/biped-urdf/build/biped_v1' returned '0': CMAKE_PREFIX_PATH=/opt/ros/humble CONDA_PROMPT_MODIFIER=(base) /usr/bin/cmake --install /home/tk/Desktop/biped-urdf/build/biped_v1
